This is pdfTeX, Version 3.141592653-2.6-1.40.25 (TeX Live 2023) (preloaded format=pdflatex 2023.11.1)  1 NOV 2023 16:21
entering extended mode
 restricted \write18 enabled.
 %&-line parsing enabled.
**report.tex
(./report.tex
LaTeX2e <2023-06-01> patch level 1
L3 programming layer <2023-10-23>
(c:/Users/Magic/AppData/Roaming/TinyTeX/texmf-dist/tex/latex/base/article.cls
Document Class: article 2023/05/17 v1.4n Standard LaTeX document class
(c:/Users/Magic/AppData/Roaming/TinyTeX/texmf-dist/tex/latex/base/size10.clo
File: size10.clo 2023/05/17 v1.4n Standard LaTeX file (size option)
)
\c@part=\count186
\c@section=\count187
\c@subsection=\count188
\c@subsubsection=\count189
\c@paragraph=\count190
\c@subparagraph=\count191
\c@figure=\count192
\c@table=\count193
\abovecaptionskip=\skip48
\belowcaptionskip=\skip49
\bibindent=\dimen140
) (c:/Users/Magic/AppData/Roaming/TinyTeX/texmf-dist/tex/latex/amsmath/amsmath.sty
Package: amsmath 2023/05/13 v2.17o AMS math features
\@mathmargin=\skip50
For additional information on amsmath, use the `?' option.
(c:/Users/Magic/AppData/Roaming/TinyTeX/texmf-dist/tex/latex/amsmath/amstext.sty
Package: amstext 2021/08/26 v2.01 AMS text
(c:/Users/Magic/AppData/Roaming/TinyTeX/texmf-dist/tex/latex/amsmath/amsgen.sty
File: amsgen.sty 1999/11/30 v2.0 generic functions
\@emptytoks=\toks17
\ex@=\dimen141
)) (c:/Users/Magic/AppData/Roaming/TinyTeX/texmf-dist/tex/latex/amsmath/amsbsy.sty
Package: amsbsy 1999/11/29 v1.2d Bold Symbols
\pmbraise@=\dimen142
) (c:/Users/Magic/AppData/Roaming/TinyTeX/texmf-dist/tex/latex/amsmath/amsopn.sty
Package: amsopn 2022/04/08 v2.04 operator names
)
\inf@bad=\count194
LaTeX Info: Redefining \frac on input line 234.
\uproot@=\count195
\leftroot@=\count196
LaTeX Info: Redefining \overline on input line 399.
LaTeX Info: Redefining \colon on input line 410.
\classnum@=\count197
\DOTSCASE@=\count198
LaTeX Info: Redefining \ldots on input line 496.
LaTeX Info: Redefining \dots on input line 499.
LaTeX Info: Redefining \cdots on input line 620.
\Mathstrutbox@=\box51
\strutbox@=\box52
LaTeX Info: Redefining \big on input line 722.
LaTeX Info: Redefining \Big on input line 723.
LaTeX Info: Redefining \bigg on input line 724.
LaTeX Info: Redefining \Bigg on input line 725.
\big@size=\dimen143
LaTeX Font Info:    Redeclaring font encoding OML on input line 743.
LaTeX Font Info:    Redeclaring font encoding OMS on input line 744.
\macc@depth=\count199
LaTeX Info: Redefining \bmod on input line 905.
LaTeX Info: Redefining \pmod on input line 910.
LaTeX Info: Redefining \smash on input line 940.
LaTeX Info: Redefining \relbar on input line 970.
LaTeX Info: Redefining \Relbar on input line 971.
\c@MaxMatrixCols=\count266
\dotsspace@=\muskip16
\c@parentequation=\count267
\dspbrk@lvl=\count268
\tag@help=\toks18
\row@=\count269
\column@=\count270
\maxfields@=\count271
\andhelp@=\toks19
\eqnshift@=\dimen144
\alignsep@=\dimen145
\tagshift@=\dimen146
\tagwidth@=\dimen147
\totwidth@=\dimen148
\lineht@=\dimen149
\@envbody=\toks20
\multlinegap=\skip51
\multlinetaggap=\skip52
\mathdisplay@stack=\toks21
LaTeX Info: Redefining \[ on input line 2953.
LaTeX Info: Redefining \] on input line 2954.
) (c:/Users/Magic/AppData/Roaming/TinyTeX/texmf-dist/tex/latex/amsfonts/amssymb.sty
Package: amssymb 2013/01/14 v3.01 AMS font symbols
(c:/Users/Magic/AppData/Roaming/TinyTeX/texmf-dist/tex/latex/amsfonts/amsfonts.sty
Package: amsfonts 2013/01/14 v3.01 Basic AMSFonts support
\symAMSa=\mathgroup4
\symAMSb=\mathgroup5
LaTeX Font Info:    Redeclaring math symbol \hbar on input line 98.
LaTeX Font Info:    Overwriting math alphabet `\mathfrak' in version `bold'
(Font)                  U/euf/m/n --> U/euf/b/n on input line 106.
)) (c:/Users/Magic/AppData/Roaming/TinyTeX/texmf-dist/tex/generic/iftex/iftex.sty
Package: iftex 2022/02/03 v1.0f TeX engine tests
) (c:/Users/Magic/AppData/Roaming/TinyTeX/texmf-dist/tex/latex/base/fontenc.sty
Package: fontenc 2021/04/29 v2.0v Standard LaTeX package
) (c:/Users/Magic/AppData/Roaming/TinyTeX/texmf-dist/tex/latex/base/inputenc.sty
Package: inputenc 2021/02/14 v1.3d Input encoding file
\inpenc@prehook=\toks22
\inpenc@posthook=\toks23
) (c:/Users/Magic/AppData/Roaming/TinyTeX/texmf-dist/tex/latex/base/textcomp.sty
Package: textcomp 2020/02/02 v2.0n Standard LaTeX package
) (c:/Users/Magic/AppData/Roaming/TinyTeX/texmf-dist/tex/latex/lm/lmodern.sty
Package: lmodern 2015/05/01 v1.6.1 Latin Modern Fonts
LaTeX Font Info:    Overwriting symbol font `operators' in version `normal'
(Font)                  OT1/cmr/m/n --> OT1/lmr/m/n on input line 22.
LaTeX Font Info:    Overwriting symbol font `letters' in version `normal'
(Font)                  OML/cmm/m/it --> OML/lmm/m/it on input line 23.
LaTeX Font Info:    Overwriting symbol font `symbols' in version `normal'
(Font)                  OMS/cmsy/m/n --> OMS/lmsy/m/n on input line 24.
LaTeX Font Info:    Overwriting symbol font `largesymbols' in version `normal'
(Font)                  OMX/cmex/m/n --> OMX/lmex/m/n on input line 25.
LaTeX Font Info:    Overwriting symbol font `operators' in version `bold'
(Font)                  OT1/cmr/bx/n --> OT1/lmr/bx/n on input line 26.
LaTeX Font Info:    Overwriting symbol font `letters' in version `bold'
(Font)                  OML/cmm/b/it --> OML/lmm/b/it on input line 27.
LaTeX Font Info:    Overwriting symbol font `symbols' in version `bold'
(Font)                  OMS/cmsy/b/n --> OMS/lmsy/b/n on input line 28.
LaTeX Font Info:    Overwriting symbol font `largesymbols' in version `bold'
(Font)                  OMX/cmex/m/n --> OMX/lmex/m/n on input line 29.
LaTeX Font Info:    Overwriting math alphabet `\mathbf' in version `normal'
(Font)                  OT1/cmr/bx/n --> OT1/lmr/bx/n on input line 31.
LaTeX Font Info:    Overwriting math alphabet `\mathsf' in version `normal'
(Font)                  OT1/cmss/m/n --> OT1/lmss/m/n on input line 32.
LaTeX Font Info:    Overwriting math alphabet `\mathit' in version `normal'
(Font)                  OT1/cmr/m/it --> OT1/lmr/m/it on input line 33.
LaTeX Font Info:    Overwriting math alphabet `\mathtt' in version `normal'
(Font)                  OT1/cmtt/m/n --> OT1/lmtt/m/n on input line 34.
LaTeX Font Info:    Overwriting math alphabet `\mathbf' in version `bold'
(Font)                  OT1/cmr/bx/n --> OT1/lmr/bx/n on input line 35.
LaTeX Font Info:    Overwriting math alphabet `\mathsf' in version `bold'
(Font)                  OT1/cmss/bx/n --> OT1/lmss/bx/n on input line 36.
LaTeX Font Info:    Overwriting math alphabet `\mathit' in version `bold'
(Font)                  OT1/cmr/bx/it --> OT1/lmr/bx/it on input line 37.
LaTeX Font Info:    Overwriting math alphabet `\mathtt' in version `bold'
(Font)                  OT1/cmtt/m/n --> OT1/lmtt/m/n on input line 38.
) (c:/Users/Magic/AppData/Roaming/TinyTeX/texmf-dist/tex/latex/microtype/microtype.sty
Package: microtype 2023/03/13 v3.1a Micro-typographical refinements (RS)
(c:/Users/Magic/AppData/Roaming/TinyTeX/texmf-dist/tex/latex/graphics/keyval.sty
Package: keyval 2022/05/29 v1.15 key=value parser (DPC)
\KV@toks@=\toks24
) (c:/Users/Magic/AppData/Roaming/TinyTeX/texmf-dist/tex/latex/etoolbox/etoolbox.sty
Package: etoolbox 2020/10/05 v2.5k e-TeX tools for LaTeX (JAW)
\etb@tempcnta=\count272
)
\MT@toks=\toks25
\MT@tempbox=\box53
\MT@count=\count273
LaTeX Info: Redefining \noprotrusionifhmode on input line 1059.
LaTeX Info: Redefining \leftprotrusion on input line 1060.
\MT@prot@toks=\toks26
LaTeX Info: Redefining \rightprotrusion on input line 1078.
LaTeX Info: Redefining \textls on input line 1368.
\MT@outer@kern=\dimen150
LaTeX Info: Redefining \textmicrotypecontext on input line 1988.
\MT@listname@count=\count274
(c:/Users/Magic/AppData/Roaming/TinyTeX/texmf-dist/tex/latex/microtype/microtype-pdftex.def
File: microtype-pdftex.def 2023/03/13 v3.1a Definitions specific to pdftex (RS)
LaTeX Info: Redefining \lsstyle on input line 902.
LaTeX Info: Redefining \lslig on input line 902.
\MT@outer@space=\skip53
)
Package microtype Info: Loading configuration file microtype.cfg.
(c:/Users/Magic/AppData/Roaming/TinyTeX/texmf-dist/tex/latex/microtype/microtype.cfg
File: microtype.cfg 2023/03/13 v3.1a microtype main configuration file (RS)
)) (c:/Users/Magic/AppData/Roaming/TinyTeX/texmf-dist/tex/latex/xcolor/xcolor.sty
Package: xcolor 2022/06/12 v2.14 LaTeX color extensions (UK)
(c:/Users/Magic/AppData/Roaming/TinyTeX/texmf-dist/tex/latex/graphics-cfg/color.cfg
File: color.cfg 2016/01/02 v1.6 sample color configuration
)
Package xcolor Info: Driver file: pdftex.def on input line 227.
(c:/Users/Magic/AppData/Roaming/TinyTeX/texmf-dist/tex/latex/graphics-def/pdftex.def
File: pdftex.def 2022/09/22 v1.2b Graphics/color driver for pdftex
) (c:/Users/Magic/AppData/Roaming/TinyTeX/texmf-dist/tex/latex/graphics/mathcolor.ltx)
Package xcolor Info: Model `cmy' substituted by `cmy0' on input line 1353.
Package xcolor Info: Model `hsb' substituted by `rgb' on input line 1357.
Package xcolor Info: Model `RGB' extended on input line 1369.
Package xcolor Info: Model `HTML' substituted by `rgb' on input line 1371.
Package xcolor Info: Model `Hsb' substituted by `hsb' on input line 1372.
Package xcolor Info: Model `tHsb' substituted by `hsb' on input line 1373.
Package xcolor Info: Model `HSB' substituted by `hsb' on input line 1374.
Package xcolor Info: Model `Gray' substituted by `gray' on input line 1375.
Package xcolor Info: Model `wave' substituted by `hsb' on input line 1376.
) (c:/Users/Magic/AppData/Roaming/TinyTeX/texmf-dist/tex/latex/geometry/geometry.sty
Package: geometry 2020/01/02 v5.9 Page Geometry
(c:/Users/Magic/AppData/Roaming/TinyTeX/texmf-dist/tex/generic/iftex/ifvtex.sty
Package: ifvtex 2019/10/25 v1.7 ifvtex legacy package. Use iftex instead.
)
\Gm@cnth=\count275
\Gm@cntv=\count276
\c@Gm@tempcnt=\count277
\Gm@bindingoffset=\dimen151
\Gm@wd@mp=\dimen152
\Gm@odd@mp=\dimen153
\Gm@even@mp=\dimen154
\Gm@layoutwidth=\dimen155
\Gm@layoutheight=\dimen156
\Gm@layouthoffset=\dimen157
\Gm@layoutvoffset=\dimen158
\Gm@dimlist=\toks27
) (c:/Users/Magic/AppData/Roaming/TinyTeX/texmf-dist/tex/latex/tools/longtable.sty
Package: longtable 2021-09-01 v4.17 Multi-page Table package (DPC)
\LTleft=\skip54
\LTright=\skip55
\LTpre=\skip56
\LTpost=\skip57
\LTchunksize=\count278
\LTcapwidth=\dimen159
\LT@head=\box54
\LT@firsthead=\box55
\LT@foot=\box56
\LT@lastfoot=\box57
\LT@gbox=\box58
\LT@cols=\count279
\LT@rows=\count280
\c@LT@tables=\count281
\c@LT@chunks=\count282
\LT@p@ftn=\toks28
) (c:/Users/Magic/AppData/Roaming/TinyTeX/texmf-dist/tex/latex/booktabs/booktabs.sty
Package: booktabs 2020/01/12 v1.61803398 Publication quality tables
\heavyrulewidth=\dimen160
\lightrulewidth=\dimen161
\cmidrulewidth=\dimen162
\belowrulesep=\dimen163
\belowbottomsep=\dimen164
\aboverulesep=\dimen165
\abovetopsep=\dimen166
\cmidrulesep=\dimen167
\cmidrulekern=\dimen168
\defaultaddspace=\dimen169
\@cmidla=\count283
\@cmidlb=\count284
\@aboverulesep=\dimen170
\@belowrulesep=\dimen171
\@thisruleclass=\count285
\@lastruleclass=\count286
\@thisrulewidth=\dimen172
) (c:/Users/Magic/AppData/Roaming/TinyTeX/texmf-dist/tex/latex/tools/array.sty
Package: array 2022/09/04 v2.5g Tabular extension package (FMi)
\col@sep=\dimen173
\ar@mcellbox=\box59
\extrarowheight=\dimen174
\NC@list=\toks29
\extratabsurround=\skip58
\backup@length=\skip59
\ar@cellbox=\box60
) (c:/Users/Magic/AppData/Roaming/TinyTeX/texmf-dist/tex/latex/tools/calc.sty
Package: calc 2017/05/25 v4.3 Infix arithmetic (KKT,FJ)
\calc@Acount=\count287
\calc@Bcount=\count288
\calc@Adimen=\dimen175
\calc@Bdimen=\dimen176
\calc@Askip=\skip60
\calc@Bskip=\skip61
LaTeX Info: Redefining \setlength on input line 80.
LaTeX Info: Redefining \addtolength on input line 81.
\calc@Ccount=\count289
\calc@Cskip=\skip62
) (c:/Users/Magic/AppData/Roaming/TinyTeX/texmf-dist/tex/latex/mdwtools/footnote.sty
Package: footnote 1997/01/28 1.13 Save footnotes around boxes
\fn@notes=\box61
\fn@width=\dimen177
) (c:/Users/Magic/AppData/Roaming/TinyTeX/texmf-dist/tex/latex/graphics/graphicx.sty
Package: graphicx 2021/09/16 v1.2d Enhanced LaTeX Graphics (DPC,SPQR)
(c:/Users/Magic/AppData/Roaming/TinyTeX/texmf-dist/tex/latex/graphics/graphics.sty
Package: graphics 2022/03/10 v1.4e Standard LaTeX Graphics (DPC,SPQR)
(c:/Users/Magic/AppData/Roaming/TinyTeX/texmf-dist/tex/latex/graphics/trig.sty
Package: trig 2021/08/11 v1.11 sin cos tan (DPC)
) (c:/Users/Magic/AppData/Roaming/TinyTeX/texmf-dist/tex/latex/graphics-cfg/graphics.cfg
File: graphics.cfg 2016/06/04 v1.11 sample graphics configuration
)
Package graphics Info: Driver file: pdftex.def on input line 107.
)
\Gin@req@height=\dimen178
\Gin@req@width=\dimen179
) (c:/Users/Magic/AppData/Roaming/TinyTeX/texmf-dist/tex/latex/float/float.sty
Package: float 2001/11/08 v1.3d Float enhancements (AL)
\c@float@type=\count290
\float@exts=\toks30
\float@box=\box62
\@float@everytoks=\toks31
\@floatcapt=\box63
) (c:/Users/Magic/AppData/Roaming/TinyTeX/texmf-dist/tex/latex/multirow/multirow.sty
Package: multirow 2021/03/15 v2.8 Span multiple rows of a table
\multirow@colwidth=\skip63
\multirow@cntb=\count291
\multirow@dima=\skip64
\bigstrutjot=\dimen180
) (c:/Users/Magic/AppData/Roaming/TinyTeX/texmf-dist/tex/latex/wrapfig/wrapfig.sty
\wrapoverhang=\dimen181
\WF@size=\dimen182
\c@WF@wrappedlines=\count292
\WF@box=\box64
\WF@everypar=\toks32
Package: wrapfig 2003/01/31  v 3.6
) (c:/Users/Magic/AppData/Roaming/TinyTeX/texmf-dist/tex/latex/colortbl/colortbl.sty
Package: colortbl 2022/06/20 v1.0f Color table columns (DPC)
\everycr=\toks33
\minrowclearance=\skip65
\rownum=\count293
) (c:/Users/Magic/AppData/Roaming/TinyTeX/texmf-dist/tex/latex/pdflscape/pdflscape.sty
Package: pdflscape 2022-10-27 v0.13 Display of landscape pages in PDF
(c:/Users/Magic/AppData/Roaming/TinyTeX/texmf-dist/tex/latex/pdflscape/pdflscape-nometadata.sty
Package: pdflscape-nometadata 2022-10-28 v0.13 Display of landscape pages in PDF (HO)
(c:/Users/Magic/AppData/Roaming/TinyTeX/texmf-dist/tex/latex/graphics/lscape.sty
Package: lscape 2020/05/28 v3.02 Landscape Pages (DPC)
)
Package pdflscape Info: Auto-detected driver: pdftex on input line 81.
)) (c:/Users/Magic/AppData/Roaming/TinyTeX/texmf-dist/tex/latex/tabu/tabu.sty
Package: tabu 2019/01/11 v2.9 - flexible LaTeX tabulars (FC+tabu-fixed)
(c:/Users/Magic/AppData/Roaming/TinyTeX/texmf-dist/tex/latex/varwidth/varwidth.sty
Package: varwidth 2009/03/30 ver 0.92;  Variable-width minipages
\@vwid@box=\box65
\sift@deathcycles=\count294
\@vwid@loff=\dimen183
\@vwid@roff=\dimen184
)
\c@taburow=\count295
\tabu@nbcols=\count296
\tabu@cnt=\count297
\tabu@Xcol=\count298
\tabu@alloc=\count299
\tabu@nested=\count300
\tabu@target=\dimen185
\tabu@spreadtarget=\dimen186
\tabu@naturalX=\dimen187
\tabucolX=\dimen188
\tabu@Xsum=\dimen189
\extrarowdepth=\dimen190
\abovetabulinesep=\dimen191
\belowtabulinesep=\dimen192
\tabustrutrule=\dimen193
\tabu@thebody=\toks34
\tabu@footnotes=\toks35
\tabu@box=\box66
\tabu@arstrutbox=\box67
\tabu@hleads=\box68
\tabu@vleads=\box69
\tabu@cellskip=\skip66
) (c:/Users/Magic/AppData/Roaming/TinyTeX/texmf-dist/tex/latex/threeparttable/threeparttable.sty
Package: threeparttable 2003/06/13  v 3.0
\@tempboxb=\box70
) (c:/Users/Magic/AppData/Roaming/TinyTeX/texmf-dist/tex/latex/threeparttablex/threeparttablex.sty
Package: threeparttablex 2013/07/23 v0.3 by daleif
(c:/Users/Magic/AppData/Roaming/TinyTeX/texmf-dist/tex/latex/environ/environ.sty
Package: environ 2014/05/04 v0.3 A new way to define environments
(c:/Users/Magic/AppData/Roaming/TinyTeX/texmf-dist/tex/latex/trimspaces/trimspaces.sty
Package: trimspaces 2009/09/17 v1.1 Trim spaces around a token list
))
\TPTL@width=\skip67
) (c:/Users/Magic/AppData/Roaming/TinyTeX/texmf-dist/tex/generic/ulem/ulem.sty
\UL@box=\box71
\UL@hyphenbox=\box72
\UL@skip=\skip68
\UL@hook=\toks36
\UL@height=\dimen194
\UL@pe=\count301
\UL@pixel=\dimen195
\ULC@box=\box73
Package: ulem 2019/11/18
\ULdepth=\dimen196
) (c:/Users/Magic/AppData/Roaming/TinyTeX/texmf-dist/tex/latex/makecell/makecell.sty
Package: makecell 2009/08/03 V0.1e Managing of Tab Column Heads and Cells
\rotheadsize=\dimen197
\c@nlinenum=\count302
\TeXr@lab=\toks37
) (c:/Users/Magic/AppData/Roaming/TinyTeX/texmf-dist/tex/latex/hyperref/hyperref.sty
Package: hyperref 2023-10-21 v7.01c Hypertext links for LaTeX
(c:/Users/Magic/AppData/Roaming/TinyTeX/texmf-dist/tex/generic/ltxcmds/ltxcmds.sty
Package: ltxcmds 2020-05-10 v1.25 LaTeX kernel commands for general use (HO)
) (c:/Users/Magic/AppData/Roaming/TinyTeX/texmf-dist/tex/generic/pdftexcmds/pdftexcmds.sty
Package: pdftexcmds 2020-06-27 v0.33 Utility functions of pdfTeX for LuaTeX (HO)
(c:/Users/Magic/AppData/Roaming/TinyTeX/texmf-dist/tex/generic/infwarerr/infwarerr.sty
Package: infwarerr 2019/12/03 v1.5 Providing info/warning/error messages (HO)
)
Package pdftexcmds Info: \pdf@primitive is available.
Package pdftexcmds Info: \pdf@ifprimitive is available.
Package pdftexcmds Info: \pdfdraftmode found.
) (c:/Users/Magic/AppData/Roaming/TinyTeX/texmf-dist/tex/latex/kvsetkeys/kvsetkeys.sty
Package: kvsetkeys 2022-10-05 v1.19 Key value parser (HO)
) (c:/Users/Magic/AppData/Roaming/TinyTeX/texmf-dist/tex/generic/kvdefinekeys/kvdefinekeys.sty
Package: kvdefinekeys 2019-12-19 v1.6 Define keys (HO)
) (c:/Users/Magic/AppData/Roaming/TinyTeX/texmf-dist/tex/generic/pdfescape/pdfescape.sty
Package: pdfescape 2019/12/09 v1.15 Implements pdfTeX's escape features (HO)
) (c:/Users/Magic/AppData/Roaming/TinyTeX/texmf-dist/tex/latex/hycolor/hycolor.sty
Package: hycolor 2020-01-27 v1.10 Color options for hyperref/bookmark (HO)
) (c:/Users/Magic/AppData/Roaming/TinyTeX/texmf-dist/tex/latex/letltxmacro/letltxmacro.sty
Package: letltxmacro 2019/12/03 v1.6 Let assignment for LaTeX macros (HO)
) (c:/Users/Magic/AppData/Roaming/TinyTeX/texmf-dist/tex/latex/auxhook/auxhook.sty
Package: auxhook 2019-12-17 v1.6 Hooks for auxiliary files (HO)
) (c:/Users/Magic/AppData/Roaming/TinyTeX/texmf-dist/tex/latex/hyperref/nameref.sty
Package: nameref 2023-10-05 v2.54 Cross-referencing by name of section
(c:/Users/Magic/AppData/Roaming/TinyTeX/texmf-dist/tex/latex/refcount/refcount.sty
Package: refcount 2019/12/15 v3.6 Data extraction from label references (HO)
) (c:/Users/Magic/AppData/Roaming/TinyTeX/texmf-dist/tex/generic/gettitlestring/gettitlestring.sty
Package: gettitlestring 2019/12/15 v1.6 Cleanup title references (HO)
(c:/Users/Magic/AppData/Roaming/TinyTeX/texmf-dist/tex/latex/kvoptions/kvoptions.sty
Package: kvoptions 2022-06-15 v3.15 Key value format for package options (HO)
))
\c@section@level=\count303
)
\@linkdim=\dimen198
\Hy@linkcounter=\count304
\Hy@pagecounter=\count305
(c:/Users/Magic/AppData/Roaming/TinyTeX/texmf-dist/tex/latex/hyperref/pd1enc.def
File: pd1enc.def 2023-10-21 v7.01c Hyperref: PDFDocEncoding definition (HO)
Now handling font encoding PD1 ...
... no UTF-8 mapping file for font encoding PD1
) (c:/Users/Magic/AppData/Roaming/TinyTeX/texmf-dist/tex/generic/intcalc/intcalc.sty
Package: intcalc 2019/12/15 v1.3 Expandable calculations with integers (HO)
)
\Hy@SavedSpaceFactor=\count306
(c:/Users/Magic/AppData/Roaming/TinyTeX/texmf-dist/tex/latex/hyperref/puenc.def
File: puenc.def 2023-10-21 v7.01c Hyperref: PDF Unicode definition (HO)
Now handling font encoding PU ...
... no UTF-8 mapping file for font encoding PU
)
Package hyperref Info: Option `unicode' set `true' on input line 4051.
Package hyperref Info: Hyper figures OFF on input line 4168.
Package hyperref Info: Link nesting OFF on input line 4173.
Package hyperref Info: Hyper index ON on input line 4176.
Package hyperref Info: Plain pages OFF on input line 4183.
Package hyperref Info: Backreferencing OFF on input line 4188.
Package hyperref Info: Implicit mode ON; LaTeX internals redefined.
Package hyperref Info: Bookmarks ON on input line 4435.
\c@Hy@tempcnt=\count307
(c:/Users/Magic/AppData/Roaming/TinyTeX/texmf-dist/tex/latex/url/url.sty
\Urlmuskip=\muskip17
Package: url 2013/09/16  ver 3.4  Verb mode for urls, etc.
)
LaTeX Info: Redefining \url on input line 4773.
\XeTeXLinkMargin=\dimen199
(c:/Users/Magic/AppData/Roaming/TinyTeX/texmf-dist/tex/generic/bitset/bitset.sty
Package: bitset 2019/12/09 v1.3 Handle bit-vector datatype (HO)
(c:/Users/Magic/AppData/Roaming/TinyTeX/texmf-dist/tex/generic/bigintcalc/bigintcalc.sty
Package: bigintcalc 2019/12/15 v1.5 Expandable calculations on big integers (HO)
))
\Fld@menulength=\count308
\Field@Width=\dimen256
\Fld@charsize=\dimen257
Package hyperref Info: Hyper figures OFF on input line 6052.
Package hyperref Info: Link nesting OFF on input line 6057.
Package hyperref Info: Hyper index ON on input line 6060.
Package hyperref Info: backreferencing OFF on input line 6067.
Package hyperref Info: Link coloring OFF on input line 6072.
Package hyperref Info: Link coloring with OCG OFF on input line 6077.
Package hyperref Info: PDF/A mode OFF on input line 6082.
(c:/Users/Magic/AppData/Roaming/TinyTeX/texmf-dist/tex/latex/base/atbegshi-ltx.sty
Package: atbegshi-ltx 2021/01/10 v1.0c Emulation of the original atbegshi
package with kernel methods
)
\Hy@abspage=\count309
\c@Item=\count310
\c@Hfootnote=\count311
)
Package hyperref Info: Driver (autodetected): hpdftex.
(c:/Users/Magic/AppData/Roaming/TinyTeX/texmf-dist/tex/latex/hyperref/hpdftex.def
File: hpdftex.def 2023-10-21 v7.01c Hyperref driver for pdfTeX
(c:/Users/Magic/AppData/Roaming/TinyTeX/texmf-dist/tex/latex/base/atveryend-ltx.sty
Package: atveryend-ltx 2020/08/19 v1.0a Emulation of the original atveryend package
with kernel methods
)
\Fld@listcount=\count312
\c@bookmark@seq@number=\count313
(c:/Users/Magic/AppData/Roaming/TinyTeX/texmf-dist/tex/latex/rerunfilecheck/rerunfilecheck.sty
Package: rerunfilecheck 2022-07-10 v1.10 Rerun checks for auxiliary files (HO)
(c:/Users/Magic/AppData/Roaming/TinyTeX/texmf-dist/tex/generic/uniquecounter/uniquecounter.sty
Package: uniquecounter 2019/12/15 v1.4 Provide unlimited unique counter (HO)
)
Package uniquecounter Info: New unique counter `rerunfilecheck' on input line 285.
)
\Hy@SectionHShift=\skip69
)
LaTeX Font Info:    Trying to load font information for T1+lmr on input line 99.
(c:/Users/Magic/AppData/Roaming/TinyTeX/texmf-dist/tex/latex/lm/t1lmr.fd
File: t1lmr.fd 2015/05/01 v1.6.1 Font defs for Latin Modern
) (c:/Users/Magic/AppData/Roaming/TinyTeX/texmf-dist/tex/latex/l3backend/l3backend-pdftex.def
File: l3backend-pdftex.def 2023-10-23 L3 backend support: PDF output (pdfTeX)
\l__color_backend_stack_int=\count314
\l__pdf_internal_box=\box74
) (./report.aux)
\openout1 = `report.aux'.

LaTeX Font Info:    Checking defaults for OML/cmm/m/it on input line 99.
LaTeX Font Info:    ... okay on input line 99.
LaTeX Font Info:    Checking defaults for OMS/cmsy/m/n on input line 99.
LaTeX Font Info:    ... okay on input line 99.
LaTeX Font Info:    Checking defaults for OT1/cmr/m/n on input line 99.
LaTeX Font Info:    ... okay on input line 99.
LaTeX Font Info:    Checking defaults for T1/cmr/m/n on input line 99.
LaTeX Font Info:    ... okay on input line 99.
LaTeX Font Info:    Checking defaults for TS1/cmr/m/n on input line 99.
LaTeX Font Info:    ... okay on input line 99.
LaTeX Font Info:    Checking defaults for OMX/cmex/m/n on input line 99.
LaTeX Font Info:    ... okay on input line 99.
LaTeX Font Info:    Checking defaults for U/cmr/m/n on input line 99.
LaTeX Font Info:    ... okay on input line 99.
LaTeX Font Info:    Checking defaults for PD1/pdf/m/n on input line 99.
LaTeX Font Info:    ... okay on input line 99.
LaTeX Font Info:    Checking defaults for PU/pdf/m/n on input line 99.
LaTeX Font Info:    ... okay on input line 99.
LaTeX Info: Redefining \microtypecontext on input line 99.
Package microtype Info: Applying patch `item' on input line 99.
Package microtype Info: Applying patch `toc' on input line 99.
Package microtype Info: Applying patch `eqnum' on input line 99.
Package microtype Info: Applying patch `footnote' on input line 99.
Package microtype Info: Applying patch `verbatim' on input line 99.
Package microtype Info: Generating PDF output.
Package microtype Info: Character protrusion enabled (level 2).
Package microtype Info: Using protrusion set `basicmath'.
Package microtype Info: Automatic font expansion enabled (level 2),
(microtype)             stretch: 20, shrink: 20, step: 1, non-selected.
Package microtype Info: Using default expansion set `alltext-nott'.
LaTeX Info: Redefining \showhyphens on input line 99.
Package microtype Info: No adjustment of tracking.
Package microtype Info: No adjustment of interword spacing.
Package microtype Info: No adjustment of character kerning.
(c:/Users/Magic/AppData/Roaming/TinyTeX/texmf-dist/tex/latex/microtype/mt-cmr.cfg
File: mt-cmr.cfg 2013/05/19 v2.2 microtype config. file: Computer Modern Roman (RS)
) (c:/Users/Magic/AppData/Roaming/TinyTeX/texmf-dist/tex/latex/epstopdf-pkg/epstopdf-base.sty
Package: epstopdf-base 2020-01-24 v2.11 Base part for package epstopdf
Package epstopdf-base Info: Redefining graphics rule for `.eps' on input line 485.
(c:/Users/Magic/AppData/Roaming/TinyTeX/texmf-dist/tex/latex/latexconfig/epstopdf-sys.cfg
File: epstopdf-sys.cfg 2010/07/13 v1.3 Configuration of (r)epstopdf for TeX Live
))
*geometry* driver: auto-detecting
*geometry* detected driver: pdftex
*geometry* verbose mode - [ preamble ] result:
* driver: pdftex
* paper: <default>
* layout: <same size as paper>
* layoutoffset:(h,v)=(0.0pt,0.0pt)
* modes: 
* h-part:(L,W,R)=(72.26999pt, 469.75502pt, 72.26999pt)
* v-part:(T,H,B)=(72.26999pt, 650.43001pt, 72.26999pt)
* \paperwidth=614.295pt
* \paperheight=794.96999pt
* \textwidth=469.75502pt
* \textheight=650.43001pt
* \oddsidemargin=0.0pt
* \evensidemargin=0.0pt
* \topmargin=-37.0pt
* \headheight=12.0pt
* \headsep=25.0pt
* \topskip=10.0pt
* \footskip=30.0pt
* \marginparwidth=65.0pt
* \marginparsep=11.0pt
* \columnsep=10.0pt
* \skip\footins=9.0pt plus 4.0pt minus 2.0pt
* \hoffset=0.0pt
* \voffset=0.0pt
* \mag=1000
* \@twocolumnfalse
* \@twosidefalse
* \@mparswitchfalse
* \@reversemarginfalse
* (1in=72.27pt=25.4mm, 1cm=28.453pt)

Package hyperref Info: Link coloring OFF on input line 99.
(./report.out) (./report.out)
\@outlinefile=\write3
\openout3 = `report.out'.

LaTeX Font Info:    Trying to load font information for OT1+lmr on input line 101.
(c:/Users/Magic/AppData/Roaming/TinyTeX/texmf-dist/tex/latex/lm/ot1lmr.fd
File: ot1lmr.fd 2015/05/01 v1.6.1 Font defs for Latin Modern
)
LaTeX Font Info:    Trying to load font information for OML+lmm on input line 101.
(c:/Users/Magic/AppData/Roaming/TinyTeX/texmf-dist/tex/latex/lm/omllmm.fd
File: omllmm.fd 2015/05/01 v1.6.1 Font defs for Latin Modern
)
LaTeX Font Info:    Trying to load font information for OMS+lmsy on input line 101.
(c:/Users/Magic/AppData/Roaming/TinyTeX/texmf-dist/tex/latex/lm/omslmsy.fd
File: omslmsy.fd 2015/05/01 v1.6.1 Font defs for Latin Modern
)
LaTeX Font Info:    Trying to load font information for OMX+lmex on input line 101.
(c:/Users/Magic/AppData/Roaming/TinyTeX/texmf-dist/tex/latex/lm/omxlmex.fd
File: omxlmex.fd 2015/05/01 v1.6.1 Font defs for Latin Modern
)
LaTeX Font Info:    External font `lmex10' loaded for size
(Font)              <12> on input line 101.
LaTeX Font Info:    External font `lmex10' loaded for size
(Font)              <8> on input line 101.
LaTeX Font Info:    External font `lmex10' loaded for size
(Font)              <6> on input line 101.
LaTeX Font Info:    Trying to load font information for U+msa on input line 101.
(c:/Users/Magic/AppData/Roaming/TinyTeX/texmf-dist/tex/latex/amsfonts/umsa.fd
File: umsa.fd 2013/01/14 v3.01 AMS symbols A
) (c:/Users/Magic/AppData/Roaming/TinyTeX/texmf-dist/tex/latex/microtype/mt-msa.cfg
File: mt-msa.cfg 2006/02/04 v1.1 microtype config. file: AMS symbols (a) (RS)
)
LaTeX Font Info:    Trying to load font information for U+msb on input line 101.
(c:/Users/Magic/AppData/Roaming/TinyTeX/texmf-dist/tex/latex/amsfonts/umsb.fd
File: umsb.fd 2013/01/14 v3.01 AMS symbols B
) (c:/Users/Magic/AppData/Roaming/TinyTeX/texmf-dist/tex/latex/microtype/mt-msb.cfg
File: mt-msb.cfg 2005/06/01 v1.0 microtype config. file: AMS symbols (b) (RS)
) [1

{c:/Users/Magic/AppData/Roaming/TinyTeX/texmf-var/fonts/map/pdftex/updmap/pdftex.map}{c:/Users/Magic/AppData/Roaming/TinyTeX/texmf-dist/fonts/enc/dvips/lm/lm-ec.enc}] (./report.toc
LaTeX Font Info:    External font `lmex10' loaded for size
(Font)              <10> on input line 5.
LaTeX Font Info:    External font `lmex10' loaded for size
(Font)              <7> on input line 5.
LaTeX Font Info:    External font `lmex10' loaded for size
(Font)              <5> on input line 5.
)
\tf@toc=\write4
\openout4 = `report.toc'.

[2] [3]
<plots/workflow1.png, id=123, 702.82574pt x 248.72925pt>
File: plots/workflow1.png Graphic file (type png)
<use plots/workflow1.png>
Package pdftex.def Info: plots/workflow1.png  used on input line 162.
(pdftex.def)             Requested size: 469.75403pt x 166.24542pt.
[4]
LaTeX Font Info:    Trying to load font information for T1+lmtt on input line 187.
(c:/Users/Magic/AppData/Roaming/TinyTeX/texmf-dist/tex/latex/lm/t1lmtt.fd
File: t1lmtt.fd 2015/05/01 v1.6.1 Font defs for Latin Modern
) [5 <./plots/workflow1.png>]
LaTeX Font Info:    Trying to load font information for TS1+lmr on input line 209.
(c:/Users/Magic/AppData/Roaming/TinyTeX/texmf-dist/tex/latex/lm/ts1lmr.fd
File: ts1lmr.fd 2015/05/01 v1.6.1 Font defs for Latin Modern
) [6{c:/Users/Magic/AppData/Roaming/TinyTeX/texmf-dist/fonts/enc/dvips/lm/lm-ts1.enc}]

LaTeX Warning: `!h' float specifier changed to `!ht'.

[7]
<plots/ai1.png, id=162, 727.518pt x 391.4625pt>
File: plots/ai1.png Graphic file (type png)
<use plots/ai1.png>
Package pdftex.def Info: plots/ai1.png  used on input line 345.
(pdftex.def)             Requested size: 469.76172pt x 252.76912pt.
[8]
<plots/ai2.png, id=176, 729.927pt x 449.88075pt>
File: plots/ai2.png Graphic file (type png)
<use plots/ai2.png>
Package pdftex.def Info: plots/ai2.png  used on input line 354.
(pdftex.def)             Requested size: 469.75792pt x 289.52902pt.
<plots/ai3.png, id=177, 684.75826pt x 308.352pt>
File: plots/ai3.png Graphic file (type png)
<use plots/ai3.png>
Package pdftex.def Info: plots/ai3.png  used on input line 363.
(pdftex.def)             Requested size: 469.75664pt x 211.53508pt.
[9 <./plots/ai1.png> <./plots/ai2.png>]
<plots/plot1.png, id=185, 1497.595pt x 915.42pt>
File: plots/plot1.png Graphic file (type png)
<use plots/plot1.png>
Package pdftex.def Info: plots/plot1.png  used on input line 377.
(pdftex.def)             Requested size: 469.75685pt x 287.1436pt.
[10 <./plots/ai3.png> <./plots/plot1.png>]
<plots/plot2.png, id=196, 271.0125pt x 162.6075pt>
File: plots/plot2.png Graphic file (type png)
<use plots/plot2.png>
Package pdftex.def Info: plots/plot2.png  used on input line 388.
(pdftex.def)             Requested size: 187.90445pt x 112.74268pt.
<plots/plot3.png, id=198, 271.0125pt x 106.3975pt>
File: plots/plot3.png Graphic file (type png)
<use plots/plot3.png>
Package pdftex.def Info: plots/plot3.png  used on input line 399.
(pdftex.def)             Requested size: 187.90445pt x 73.76988pt.
<plots/plot4.png, id=200, 271.0125pt x 256.96pt>
File: plots/plot4.png Graphic file (type png)
<use plots/plot4.png>
Package pdftex.def Info: plots/plot4.png  used on input line 410.
(pdftex.def)             Requested size: 187.90445pt x 178.16125pt.
[11 <./plots/plot2.png> <./plots/plot3.png> <./plots/plot4.png>]
<plots/plot5.png, id=214, 1207.51125pt x 120.45pt>
File: plots/plot5.png Graphic file (type png)
<use plots/plot5.png>
Package pdftex.def Info: plots/plot5.png  used on input line 430.
(pdftex.def)             Requested size: 375.79863pt x 37.48613pt.
<plots/plot6.png, id=215, 1206.5075pt x 122.4575pt>
File: plots/plot6.png Graphic file (type png)
<use plots/plot6.png>
Package pdftex.def Info: plots/plot6.png  used on input line 439.
(pdftex.def)             Requested size: 375.79921pt x 38.14267pt.
<plots/plot7.png, id=217, 1221.56375pt x 136.51pt>
File: plots/plot7.png Graphic file (type png)
<use plots/plot7.png>
Package pdftex.def Info: plots/plot7.png  used on input line 450.
(pdftex.def)             Requested size: 375.81036pt x 41.99687pt.
<plots/plot8.png, id=219, 1199.48125pt x 408.52625pt>
File: plots/plot8.png Graphic file (type png)
<use plots/plot8.png>
Package pdftex.def Info: plots/plot8.png  used on input line 464.
(pdftex.def)             Requested size: 469.75418pt x 159.9916pt.
[12 <./plots/plot5.png> <./plots/plot6.png> <./plots/plot7.png>]
<plots/plot9.png, id=237, 339.2675pt x 390.45876pt>
File: plots/plot9.png Graphic file (type png)
<use plots/plot9.png>
Package pdftex.def Info: plots/plot9.png  used on input line 475.
(pdftex.def)             Requested size: 187.89706pt x 216.24841pt.
<plots/plot10.png, id=239, 387.4475pt x 393.47pt>
File: plots/plot10.png Graphic file (type png)
<use plots/plot10.png>
Package pdftex.def Info: plots/plot10.png  used on input line 486.
(pdftex.def)             Requested size: 187.89998pt x 190.82071pt.
[13 <./plots/plot8.png> <./plots/plot9.png>]
<plots/plot11.png, id=251, 585.18625pt x 379.4175pt>
File: plots/plot11.png Graphic file (type png)
<use plots/plot11.png>
Package pdftex.def Info: plots/plot11.png  used on input line 500.
(pdftex.def)             Requested size: 234.87398pt x 152.28535pt.
<plots/plot12.png, id=252, 575.14874pt x 369.38pt>
File: plots/plot12.png Graphic file (type png)
<use plots/plot12.png>
Package pdftex.def Info: plots/plot12.png  used on input line 509.
(pdftex.def)             Requested size: 281.86046pt x 181.02032pt.
[14 <./plots/plot10.png> <./plots/plot11.png>]
<plots/plot13.png, id=264, 574.145pt x 383.4325pt>
File: plots/plot13.png Graphic file (type png)
<use plots/plot13.png>
Package pdftex.def Info: plots/plot13.png  used on input line 523.
(pdftex.def)             Requested size: 328.83423pt x 219.60606pt.
[15 <./plots/plot12.png> <./plots/plot13.png>]
<plots/plot14.png, id=277, 1187.43625pt x 421.575pt>
File: plots/plot14.png Graphic file (type png)
<use plots/plot14.png>
Package pdftex.def Info: plots/plot14.png  used on input line 539.
(pdftex.def)             Requested size: 469.74788pt x 166.77438pt.
<plots/plot15.png, id=278, 1181.41376pt x 420.57124pt>
File: plots/plot15.png Graphic file (type png)
<use plots/plot15.png>
Package pdftex.def Info: plots/plot15.png  used on input line 548.
(pdftex.def)             Requested size: 469.74493pt x 167.2244pt.
[16 <./plots/plot14.png> <./plots/plot15.png>]
<plots/plot16.png, id=289, 556.0775pt x 479.7925pt>
File: plots/plot16.png Graphic file (type png)
<use plots/plot16.png>
Package pdftex.def Info: plots/plot16.png  used on input line 567.
(pdftex.def)             Requested size: 258.36972pt x 222.92549pt.
<plots/plot17.png, id=291, 553.06625pt x 479.7925pt>
File: plots/plot17.png Graphic file (type png)
<use plots/plot17.png>
Package pdftex.def Info: plots/plot17.png  used on input line 578.
(pdftex.def)             Requested size: 258.36305pt x 224.13345pt.
[17 <./plots/plot16.png>]
<plots/plot18.png, id=304, 552.0625pt x 470.75874pt>
File: plots/plot18.png Graphic file (type png)
<use plots/plot18.png>
Package pdftex.def Info: plots/plot18.png  used on input line 589.
(pdftex.def)             Requested size: 258.37431pt x 220.32283pt.
<plots/plot19.png, id=306, 553.06625pt x 482.80376pt>
File: plots/plot19.png Graphic file (type png)
<use plots/plot19.png>
Package pdftex.def Info: plots/plot19.png  used on input line 600.
(pdftex.def)             Requested size: 258.36305pt x 225.54018pt.
[18 <./plots/plot17.png> <./plots/plot18.png>]
<plots/plot20.png, id=316, 337.26pt x 298.11375pt>
File: plots/plot20.png Graphic file (type png)
<use plots/plot20.png>
Package pdftex.def Info: plots/plot20.png  used on input line 614.
(pdftex.def)             Requested size: 281.86069pt x 249.14471pt.
[19 <./plots/plot19.png>]
<plots/plot21.png, id=327, 339.2675pt x 311.1625pt>
File: plots/plot21.png Graphic file (type png)
<use plots/plot21.png>
Package pdftex.def Info: plots/plot21.png  used on input line 630.
(pdftex.def)             Requested size: 187.89706pt x 172.33163pt.
[20 <./plots/plot20.png>]
<plots/plot22.png, id=337, 386.44376pt x 322.20375pt>
File: plots/plot22.png Graphic file (type png)
<use plots/plot22.png>
Package pdftex.def Info: plots/plot22.png  used on input line 641.
(pdftex.def)             Requested size: 211.38898pt x 176.24898pt.
<plots/plot23.png, id=339, 589.20125pt x 431.6125pt>
File: plots/plot23.png Graphic file (type png)
<use plots/plot23.png>
Package pdftex.def Info: plots/plot23.png  used on input line 655.
(pdftex.def)             Requested size: 328.82663pt x 240.87811pt.
[21 <./plots/plot21.png> <./plots/plot22.png>]
<plots/plot24.png, id=351, 589.20125pt x 381.425pt>
File: plots/plot24.png Graphic file (type png)
<use plots/plot24.png>
Package pdftex.def Info: plots/plot24.png  used on input line 666.
(pdftex.def)             Requested size: 328.82663pt x 212.86902pt.
[22 <./plots/plot23.png> <./plots/plot24.png>]
<plots/theme1.png, id=365, 790.152pt x 308.95425pt>
File: plots/theme1.png Graphic file (type png)
<use plots/theme1.png>
Package pdftex.def Info: plots/theme1.png  used on input line 687.
(pdftex.def)             Requested size: 469.76648pt x 183.68155pt.
<plots/theme2.png, id=366, 832.91174pt x 468.5505pt>
File: plots/theme2.png Graphic file (type png)
<use plots/theme2.png>
Package pdftex.def Info: plots/theme2.png  used on input line 696.
(pdftex.def)             Requested size: 469.74449pt x 264.2525pt.
[23 <./plots/theme1.png>]
<plots/theme3.png, id=379, 759.43726pt x 485.4135pt>
File: plots/theme3.png Graphic file (type png)
<use plots/theme3.png>
Package pdftex.def Info: plots/theme3.png  used on input line 705.
(pdftex.def)             Requested size: 469.76854pt x 300.26442pt.
<plots/theme4.png, id=380, 592.01175pt x 464.937pt>
File: plots/theme4.png Graphic file (type png)
<use plots/theme4.png>
Package pdftex.def Info: plots/theme4.png  used on input line 714.
(pdftex.def)             Requested size: 422.77933pt x 332.03014pt.
[24 <./plots/theme2.png> <./plots/theme3.png>]
<plots/theme5.png, id=390, 802.197pt x 313.17pt>
File: plots/theme5.png Graphic file (type png)
<use plots/theme5.png>
Package pdftex.def Info: plots/theme5.png  used on input line 725.
(pdftex.def)             Requested size: 469.75461pt x 183.38768pt.
[25 <./plots/theme4.png>]
<plots/theme6.png, id=400, 904.5795pt x 450.483pt>
File: plots/theme6.png Graphic file (type png)
<use plots/theme6.png>
Package pdftex.def Info: plots/theme6.png  used on input line 734.
(pdftex.def)             Requested size: 469.74913pt x 233.93631pt.
<plots/theme7.png, id=401, 787.14075pt x 483.0045pt>
File: plots/theme7.png Graphic file (type png)
<use plots/theme7.png>
Package pdftex.def Info: plots/theme7.png  used on input line 743.
(pdftex.def)             Requested size: 469.75381pt x 288.24985pt.
[26 <./plots/theme5.png> <./plots/theme6.png>] [27 <./plots/theme7.png>] [28] [29] [30] (./report.aux)
 ***********
LaTeX2e <2023-06-01> patch level 1
L3 programming layer <2023-10-23>
 ***********
Package rerunfilecheck Info: File `report.out' has not changed.
(rerunfilecheck)             Checksum: 7D04C98B0EC8939E7230B1FC55FEC65B;2643.
 ) 
Here is how much of TeX's memory you used:
 15248 strings out of 476364
 243133 string characters out of 5798183
 1943036 words of memory out of 5000000
 36503 multiletter control sequences out of 15000+600000
 619617 words of font info for 161 fonts, out of 8000000 for 9000
 14 hyphenation exceptions out of 8191
 75i,10n,79p,1503b,537s stack positions out of 10000i,1000n,20000p,200000b,200000s
<c:/Users/Magic/AppData/Roaming/TinyTeX/texmf-dist/fonts/type1/public/lm/lmbx10.pfb><c:/Users/Magic/AppData/Roaming/TinyTeX/texmf-dist/fonts/type1/public/lm/lmbx12.pfb><c:/Users/Magic/AppData/Roaming/TinyTeX/texmf-dist/fonts/type1/public/lm/lmr10.pfb><c:/Users/Magic/AppData/Roaming/TinyTeX/texmf-dist/fonts/type1/public/lm/lmr12.pfb><c:/Users/Magic/AppData/Roaming/TinyTeX/texmf-dist/fonts/type1/public/lm/lmr17.pfb><c:/Users/Magic/AppData/Roaming/TinyTeX/texmf-dist/fonts/type1/public/lm/lmri10.pfb><c:/Users/Magic/AppData/Roaming/TinyTeX/texmf-dist/fonts/type1/public/lm/lmtt10.pfb>
Output written on report.pdf (30 pages, 4381354 bytes).
PDF statistics:
 512 PDF objects out of 1000 (max. 8388607)
 391 compressed objects within 4 object streams
 143 named destinations out of 1000 (max. 500000)
 33096 words of extra memory for PDF output out of 35830 (max. 10000000)

